\BOOKMARK [1][-]{section.1}{Exercise : List transformation}{}% 1
\BOOKMARK [2][-]{subsection.1.1}{Transform an interval of numbers}{section.1}% 2
\BOOKMARK [3][-]{subsubsection.1.1.1}{Square elements of a list}{subsection.1.1}% 3
\BOOKMARK [3][-]{subsubsection.1.1.2}{Remove odd numbers from the squared list}{subsection.1.1}% 4
\BOOKMARK [2][-]{subsection.1.2}{Transform a corrupted string}{section.1}% 5
\BOOKMARK [3][-]{subsubsection.1.2.1}{Remove white space and convert sequences to capital letters}{subsection.1.2}% 6
\BOOKMARK [3][-]{subsubsection.1.2.2}{Convert the pieces into capital letters and combine them into a multi-line string}{subsection.1.2}% 7
\BOOKMARK [1][-]{section.2}{Exercise : Nucleotide counting}{}% 8
\BOOKMARK [2][-]{subsection.2.1}{Create the script}{section.2}% 9
\BOOKMARK [2][-]{subsection.2.2}{Read the .txt file}{section.2}% 10
\BOOKMARK [2][-]{subsection.2.3}{Scan the sequence and count nucleotides}{section.2}% 11
\BOOKMARK [2][-]{subsection.2.4}{Report the results}{section.2}% 12
\BOOKMARK [1][-]{section.3}{Exercise : Pipelines \040red optional challenge}{}% 13
\BOOKMARK [2][-]{subsection.3.1}{Create the pipeline script}{section.3}% 14
\BOOKMARK [2][-]{subsection.3.2}{Filter the samples}{section.3}% 15
\BOOKMARK [2][-]{subsection.3.3}{General data set statistics}{section.3}% 16
\BOOKMARK [2][-]{subsection.3.4}{Microbial interactions}{section.3}% 17
\BOOKMARK [1][-]{section.4}{Exercise : Pandas DataFrames red optional challenge}{}% 18
\BOOKMARK [2][-]{subsection.4.1}{Creating a data frame}{section.4}% 19
\BOOKMARK [3][-]{subsubsection.4.1.1}{Import modules}{subsection.4.1}% 20
\BOOKMARK [3][-]{subsubsection.4.1.2}{Create a pandas series}{subsection.4.1}% 21
\BOOKMARK [3][-]{subsubsection.4.1.3}{Create a pandas data frame from two Series}{subsection.4.1}% 22
\BOOKMARK [3][-]{subsubsection.4.1.4}{Create a pandas data frame from a matrix}{subsection.4.1}% 23
\BOOKMARK [3][-]{subsubsection.4.1.5}{Pandas column types}{subsection.4.1}% 24
\BOOKMARK [3][-]{subsubsection.4.1.6}{Create a pandas data frame from a dictionary}{subsection.4.1}% 25
\BOOKMARK [3][-]{subsubsection.4.1.7}{Indexing}{subsection.4.1}% 26
\BOOKMARK [2][-]{subsection.4.2}{Manipulating a real data file}{section.4}% 27
\BOOKMARK [3][-]{subsubsection.4.2.1}{Inspect a pandas object}{subsection.4.2}% 28
\BOOKMARK [3][-]{subsubsection.4.2.2}{Indexing}{subsection.4.2}% 29
\BOOKMARK [3][-]{subsubsection.4.2.3}{Column assignment}{subsection.4.2}% 30
\BOOKMARK [3][-]{subsubsection.4.2.4}{Sorting}{subsection.4.2}% 31
\BOOKMARK [3][-]{subsubsection.4.2.5}{Boolean indexing}{subsection.4.2}% 32
\BOOKMARK [3][-]{subsubsection.4.2.6}{Write to file}{subsection.4.2}% 33
\BOOKMARK [3][-]{subsubsection.4.2.7}{Plot a pandas data frame}{subsection.4.2}% 34
\BOOKMARK [3][-]{subsubsection.4.2.8}{Further reading}{subsection.4.2}% 35
