IQ-TREE version 3.0.0 for MacOS ARM 64-bit built Apr  4 2025
Developed by Bui Quang Minh, Thomas Wong, Nhan Ly-Trong, Huaiyan Ren
Contributed by Lam-Tung Nguyen, Dominik Schrempf, Chris Bielow,
Olga Chernomor, Michael Woodhams, Diep Thi Hoang, Heiko Schmidt

Host:    MLS-NBM-EPMM.local (SSE4.2, 32 GB RAM)
Command: ./iqtree-3.0.0-macOS/bin/iqtree3 -s Pol21.aligned.fa --prefix pol21 -m HIVb -B 1000 --seed 123
Seed:    123 (Using SPRNG - Scalable Parallel Random Number Generator)
Time:    Mon May  5 10:58:55 2025
Kernel:  SSE2 - 1 threads (12 CPU cores detected)

HINT: Use -nt option to specify number of threads because your CPU has 12 cores!
HINT: -nt AUTO will automatically determine the best number of threads to use.

Reading alignment file Pol21.aligned.fa ... Fasta format detected
Reading fasta file: done in 0.000261068 secs using 89.63% CPU
Alignment most likely contains protein sequences
Constructing alignment: done in 0.000559092 secs using 58.85% CPU
Alignment has 20 sequences with 1166 columns, 819 distinct patterns
517 parsimony-informative, 327 singleton sites, 322 constant sites
           Gap/Ambiguity  Composition  p-value
Analyzing sequences: done in 3.29018e-05 secs using 91.18% CPU
   1  HTLV        23.16%    failed      0.00%
   2  HIV1B5      12.95%    passed    100.00%
   3  HIV1H2      13.98%    passed     99.99%
   4  HIV1PV      12.95%    passed     99.99%
   5  HIV1N5      13.98%    passed     99.88%
   6  HIV1OY      13.98%    passed     99.98%
   7  HIV1ND      14.07%    passed     99.78%
   8  HIV1Z2      14.07%    passed     99.96%
   9  HIV1MN      13.81%    passed     99.93%
  10  HIV1U4      14.07%    passed     97.71%
  11  SIVCZ       11.92%    passed     99.06%
  12  HIV2CA      11.32%    passed     99.50%
  13  HIV2RO      11.15%    passed     99.37%
  14  HIV2SB      11.23%    passed     98.36%
  15  HIV2KR      11.23%    passed     99.86%
  16  HIV2ST       9.52%    passed     95.04%
  17  HIV2D1       7.98%    passed     99.74%
  18  HIV2G1      10.03%    passed     98.18%
  19  Smanga_S4   12.61%    passed     99.70%
  20  Smanga_SP   12.35%    passed     99.85%
****  TOTAL       12.82%  1 sequences failed composition chi2 test (p-value<5%; df=19)
Checking for duplicate sequences: done in 5.48363e-05 secs using 83.89% CPU

Create initial parsimony tree by phylogenetic likelihood library (PLL)... 0.001 seconds
Generating 1000 samples for ultrafast bootstrap (seed: 123)...

NOTE: 5 MB RAM (0 GB) is required!
Estimate model parameters (epsilon = 0.100)
1. Initial log-likelihood: -12522.361
Optimal log-likelihood: -12349.228
Parameters optimization took 1 rounds (0.017 sec)
Wrote distance file to... 
Computing ML distances based on estimated model parameters...
Calculating distance matrix: done in 0.0174971 secs using 97.22% CPU
Computing ML distances took 0.017582 sec (of wall-clock time) 0.017072 sec (of CPU time)
Setting up auxiliary I and S matrices: done in 2.09808e-05 secs using 61.96% CPU
Constructing RapidNJ tree: done in 5.81741e-05 secs using 89.39% CPU
Computing RapidNJ tree took 0.000142 sec (of wall-clock time) 0.000104 sec (of CPU time)
Log-likelihood of RapidNJ tree: -12369.673
--------------------------------------------------------------------
|             INITIALIZING CANDIDATE TREE SET                      |
--------------------------------------------------------------------
Generating 98 parsimony trees... 0.143 second
Computing log-likelihood of 98 initial trees ... 0.519 seconds
Current best score: -12345.044

Do NNI search on 20 best initial trees
Optimizing NNI: done in 0.0269201 secs using 99.83% CPU
Estimate model parameters (epsilon = 0.100)
BETTER TREE FOUND at iteration 1: -12344.083
Optimizing NNI: done in 0.039979 secs using 99.85% CPU
Optimizing NNI: done in 0.0543952 secs using 99.67% CPU
Optimizing NNI: done in 0.0268381 secs using 99.94% CPU
Optimizing NNI: done in 0.0399971 secs using 98.37% CPU
Optimizing NNI: done in 0.064589 secs using 97.49% CPU
Optimizing NNI: done in 0.0719411 secs using 98.11% CPU
Optimizing NNI: done in 0.111677 secs using 98.03% CPU
Optimizing NNI: done in 0.0617359 secs using 98.56% CPU
Optimizing NNI: done in 0.0844121 secs using 98.14% CPU
Iteration 10 / LogL: -12355.315 / Time: 0h:0m:1s
Optimizing NNI: done in 0.0578501 secs using 98.09% CPU
Optimizing NNI: done in 0.100996 secs using 97.88% CPU
Optimizing NNI: done in 0.0806179 secs using 98.16% CPU
Optimizing NNI: done in 0.074908 secs using 98.32% CPU
Optimizing NNI: done in 0.0777991 secs using 97.99% CPU
Optimizing NNI: done in 0.0592151 secs using 98.65% CPU
Optimizing NNI: done in 0.0878191 secs using 97.47% CPU
Optimizing NNI: done in 0.099282 secs using 97.84% CPU
Optimizing NNI: done in 0.0643301 secs using 99.03% CPU
Optimizing NNI: done in 0.0913579 secs using 99.69% CPU
Iteration 20 / LogL: -12355.878 / Time: 0h:0m:2s
Finish initializing candidate tree set (7)
Current best tree score: -12344.083 / CPU time: 2.081
Number of iterations: 20
--------------------------------------------------------------------
|               OPTIMIZING CANDIDATE TREE SET                      |
--------------------------------------------------------------------
Optimizing NNI: done in 0.0943458 secs using 97.83% CPU
Optimizing NNI: done in 0.0751531 secs using 98.04% CPU
Optimizing NNI: done in 0.124657 secs using 98.21% CPU
Optimizing NNI: done in 0.102722 secs using 98.6% CPU
Optimizing NNI: done in 0.154698 secs using 98.91% CPU
Optimizing NNI: done in 0.10097 secs using 98.72% CPU
Optimizing NNI: done in 0.157105 secs using 97.83% CPU
Optimizing NNI: done in 0.0745249 secs using 98.34% CPU
Optimizing NNI: done in 0.093533 secs using 98.02% CPU
Optimizing NNI: done in 0.0755489 secs using 98.32% CPU
Iteration 30 / LogL: -12344.092 / Time: 0h:0m:3s (0h:0m:7s left)
Optimizing NNI: done in 0.093132 secs using 98.2% CPU
Optimizing NNI: done in 0.119976 secs using 98.27% CPU
Optimizing NNI: done in 0.122337 secs using 98.51% CPU
Optimizing NNI: done in 0.092819 secs using 98.64% CPU
Optimizing NNI: done in 0.0983722 secs using 98.2% CPU
Optimizing NNI: done in 0.095834 secs using 98.26% CPU
Optimizing NNI: done in 0.107127 secs using 98.41% CPU
Optimizing NNI: done in 0.102301 secs using 98.29% CPU
Optimizing NNI: done in 0.0773871 secs using 98.33% CPU
Optimizing NNI: done in 0.103602 secs using 97.92% CPU
Iteration 40 / LogL: -12345.396 / Time: 0h:0m:4s (0h:0m:6s left)
Optimizing NNI: done in 0.0949421 secs using 97.9% CPU
Optimizing NNI: done in 0.0873368 secs using 98.07% CPU
Optimizing NNI: done in 0.117595 secs using 98.44% CPU
Optimizing NNI: done in 0.091593 secs using 98.17% CPU
Optimizing NNI: done in 0.0956988 secs using 98.27% CPU
Optimizing NNI: done in 0.112887 secs using 98.17% CPU
Optimizing NNI: done in 0.113878 secs using 98.13% CPU
Optimizing NNI: done in 0.0826631 secs using 98.52% CPU
Optimizing NNI: done in 0.126789 secs using 98.19% CPU
Optimizing NNI: done in 0.095407 secs using 98.53% CPU
Iteration 50 / LogL: -12344.092 / Time: 0h:0m:5s (0h:0m:5s left)
Log-likelihood cutoff on original alignment: -12401.768
Optimizing NNI: done in 0.110098 secs using 98.24% CPU
Optimizing NNI: done in 0.0952501 secs using 98.41% CPU
Optimizing NNI: done in 0.103154 secs using 98.09% CPU
Optimizing NNI: done in 0.106123 secs using 98.06% CPU
Optimizing NNI: done in 0.0930979 secs using 98.19% CPU
Optimizing NNI: done in 0.110077 secs using 98.3% CPU
Optimizing NNI: done in 0.068759 secs using 98.09% CPU
Optimizing NNI: done in 0.101905 secs using 98.36% CPU
Optimizing NNI: done in 0.110255 secs using 98.31% CPU
Optimizing NNI: done in 0.0535281 secs using 98.29% CPU
Iteration 60 / LogL: -12348.877 / Time: 0h:0m:6s (0h:0m:4s left)
Optimizing NNI: done in 0.117293 secs using 98.32% CPU
Optimizing NNI: done in 0.0890651 secs using 98.62% CPU
Optimizing NNI: done in 0.101719 secs using 98.81% CPU
Optimizing NNI: done in 0.101951 secs using 98.81% CPU
Optimizing NNI: done in 0.08988 secs using 98.6% CPU
Optimizing NNI: done in 0.12669 secs using 98.07% CPU
Optimizing NNI: done in 0.0633378 secs using 98.92% CPU
Optimizing NNI: done in 0.107175 secs using 98.53% CPU
Optimizing NNI: done in 0.0997672 secs using 98.44% CPU
Optimizing NNI: done in 0.16516 secs using 98.53% CPU
Iteration 70 / LogL: -12351.104 / Time: 0h:0m:7s (0h:0m:3s left)
Optimizing NNI: done in 0.105248 secs using 99.02% CPU
Optimizing NNI: done in 0.118728 secs using 98.35% CPU
Optimizing NNI: done in 0.087235 secs using 99.03% CPU
Optimizing NNI: done in 0.082427 secs using 98.61% CPU
Optimizing NNI: done in 0.088048 secs using 97.88% CPU
Optimizing NNI: done in 0.147132 secs using 98.08% CPU
Optimizing NNI: done in 0.0801289 secs using 98.68% CPU
Optimizing NNI: done in 0.06545 secs using 98.53% CPU
Optimizing NNI: done in 0.117443 secs using 97.62% CPU
Optimizing NNI: done in 0.0779619 secs using 98.23% CPU
Iteration 80 / LogL: -12344.150 / Time: 0h:0m:8s (0h:0m:2s left)
Optimizing NNI: done in 0.1818 secs using 98.24% CPU
Optimizing NNI: done in 0.0975242 secs using 98.55% CPU
Optimizing NNI: done in 0.108143 secs using 99.17% CPU
Optimizing NNI: done in 0.12494 secs using 98.1% CPU
Optimizing NNI: done in 0.0877118 secs using 98.35% CPU
Optimizing NNI: done in 0.108576 secs using 98.83% CPU
Optimizing NNI: done in 0.083941 secs using 98.22% CPU
Optimizing NNI: done in 0.0708969 secs using 98.45% CPU
Optimizing NNI: done in 0.083147 secs using 97.97% CPU
Optimizing NNI: done in 0.12308 secs using 98.64% CPU
Iteration 90 / LogL: -12351.229 / Time: 0h:0m:9s (0h:0m:1s left)
Optimizing NNI: done in 0.148175 secs using 98.99% CPU
Optimizing NNI: done in 0.0756729 secs using 98.71% CPU
Optimizing NNI: done in 0.0841732 secs using 97.8% CPU
Optimizing NNI: done in 0.154772 secs using 97.35% CPU
Optimizing NNI: done in 0.0916059 secs using 98.17% CPU
Optimizing NNI: done in 0.154136 secs using 98.23% CPU
Optimizing NNI: done in 0.0916548 secs using 98.12% CPU
Optimizing NNI: done in 0.116381 secs using 98.17% CPU
Optimizing NNI: done in 0.0671401 secs using 98.63% CPU
Optimizing NNI: done in 0.075727 secs using 97.95% CPU
Iteration 100 / LogL: -12351.483 / Time: 0h:0m:10s (0h:0m:0s left)
Log-likelihood cutoff on original alignment: -12401.768
NOTE: Bootstrap correlation coefficient of split occurrence frequencies: 0.999
Optimizing NNI: done in 0.098248 secs using 97.81% CPU
Optimizing NNI: done in 0.072129 secs using 98% CPU
TREE SEARCH COMPLETED AFTER 102 ITERATIONS / Time: 0h:0m:10s

--------------------------------------------------------------------
|                    FINALIZING TREE SEARCH                        |
--------------------------------------------------------------------
Performs final model parameters optimization
Estimate model parameters (epsilon = 0.010)
1. Initial log-likelihood: -12344.083
Optimal log-likelihood: -12344.082
Parameters optimization took 1 rounds (0.009 sec)
BEST SCORE FOUND : -12344.082
Creating bootstrap support values...
Split supports printed to NEXUS file pol21.splits.nex
Total tree length: 3.571

Total number of iterations: 102
CPU time used for tree search: 10.522 sec (0h:0m:10s)
Wall-clock time used for tree search: 10.703 sec (0h:0m:10s)
Total CPU time used: 10.616 sec (0h:0m:10s)
Total wall-clock time used: 10.804 sec (0h:0m:10s)

Computing bootstrap consensus tree...
Reading input file pol21.splits.nex...
20 taxa and 113 splits.
Consensus tree written to pol21.contree
Reading input trees file pol21.contree
Log-likelihood of consensus tree: -12344.329

Analysis results written to: 
  IQ-TREE report:                pol21.iqtree
  Maximum-likelihood tree:       pol21.treefile
  Likelihood distances:          pol21.mldist

Ultrafast bootstrap approximation results written to:
  Split support values:          pol21.splits.nex
  Consensus tree:                pol21.contree
  Screen log file:               pol21.log

Date and Time: Mon May  5 10:59:06 2025
